<?xml version="1.0" encoding="UTF-8"?>
<testsuite name="com.mergeco.oiljang.product.ProductTests" tests="1" skipped="0" failures="0" errors="0" timestamp="2023-11-09T09:05:05" hostname="gimminbeoms-MacBook-Air.local" time="0.205">
  <properties/>
  <testcase name="testUploadFileWithEmptyFile()" classname="com.mergeco.oiljang.product.ProductTests" time="0.205"/>
  <system-out><![CDATA[18:04:54.371 [Test worker] DEBUG org.springframework.test.context.BootstrapUtils - Instantiating CacheAwareContextLoaderDelegate from class [org.springframework.test.context.cache.DefaultCacheAwareContextLoaderDelegate]
18:04:54.382 [Test worker] DEBUG org.springframework.test.context.BootstrapUtils - Instantiating BootstrapContext using constructor [public org.springframework.test.context.support.DefaultBootstrapContext(java.lang.Class,org.springframework.test.context.CacheAwareContextLoaderDelegate)]
18:04:54.430 [Test worker] DEBUG org.springframework.test.context.BootstrapUtils - Instantiating TestContextBootstrapper for test class [com.mergeco.oiljang.product.ProductTests] from class [org.springframework.boot.test.context.SpringBootTestContextBootstrapper]
18:04:54.448 [Test worker] INFO org.springframework.boot.test.context.SpringBootTestContextBootstrapper - Neither @ContextConfiguration nor @ContextHierarchy found for test class [com.mergeco.oiljang.product.ProductTests], using SpringBootContextLoader
18:04:54.454 [Test worker] DEBUG org.springframework.test.context.support.AbstractContextLoader - Did not detect default resource location for test class [com.mergeco.oiljang.product.ProductTests]: class path resource [com/mergeco/oiljang/product/ProductTests-context.xml] does not exist
18:04:54.455 [Test worker] DEBUG org.springframework.test.context.support.AbstractContextLoader - Did not detect default resource location for test class [com.mergeco.oiljang.product.ProductTests]: class path resource [com/mergeco/oiljang/product/ProductTestsContext.groovy] does not exist
18:04:54.456 [Test worker] INFO org.springframework.test.context.support.AbstractContextLoader - Could not detect default resource locations for test class [com.mergeco.oiljang.product.ProductTests]: no resource found for suffixes {-context.xml, Context.groovy}.
18:04:54.457 [Test worker] INFO org.springframework.test.context.support.AnnotationConfigContextLoaderUtils - Could not detect default configuration classes for test class [com.mergeco.oiljang.product.ProductTests]: ProductTests does not declare any static, non-private, non-final, nested classes annotated with @Configuration.
18:04:54.561 [Test worker] DEBUG org.springframework.test.context.support.ActiveProfilesUtils - Could not find an 'annotation declaring class' for annotation type [org.springframework.test.context.ActiveProfiles] and class [com.mergeco.oiljang.product.ProductTests]
18:04:54.646 [Test worker] DEBUG org.springframework.context.annotation.ClassPathScanningCandidateComponentProvider - Identified candidate component class: file [/Users/minbumkim/Desktop/nara/OIL-JANG_BE/build/classes/java/main/com/mergeco/oiljang/Application.class]
18:04:54.650 [Test worker] INFO org.springframework.boot.test.context.SpringBootTestContextBootstrapper - Found @SpringBootConfiguration com.mergeco.oiljang.Application for test class com.mergeco.oiljang.product.ProductTests
18:04:54.812 [Test worker] DEBUG org.springframework.boot.test.context.SpringBootTestContextBootstrapper - @TestExecutionListeners is not present for class [com.mergeco.oiljang.product.ProductTests]: using defaults.
18:04:54.813 [Test worker] INFO org.springframework.boot.test.context.SpringBootTestContextBootstrapper - Loaded default TestExecutionListener class names from location [META-INF/spring.factories]: [org.springframework.security.test.context.support.WithSecurityContextTestExecutionListener, org.springframework.security.test.context.support.ReactorContextTestExecutionListener, org.springframework.boot.test.autoconfigure.restdocs.RestDocsTestExecutionListener, org.springframework.boot.test.autoconfigure.web.client.MockRestServiceServerResetTestExecutionListener, org.springframework.boot.test.autoconfigure.web.servlet.MockMvcPrintOnlyOnFailureTestExecutionListener, org.springframework.boot.test.autoconfigure.web.servlet.WebDriverTestExecutionListener, org.springframework.boot.test.autoconfigure.webservices.client.MockWebServiceServerTestExecutionListener, org.springframework.boot.test.mock.mockito.MockitoTestExecutionListener, org.springframework.boot.test.mock.mockito.ResetMocksTestExecutionListener, org.springframework.test.context.web.ServletTestExecutionListener, org.springframework.test.context.support.DirtiesContextBeforeModesTestExecutionListener, org.springframework.test.context.event.ApplicationEventsTestExecutionListener, org.springframework.test.context.support.DependencyInjectionTestExecutionListener, org.springframework.test.context.support.DirtiesContextTestExecutionListener, org.springframework.test.context.transaction.TransactionalTestExecutionListener, org.springframework.test.context.jdbc.SqlScriptsTestExecutionListener, org.springframework.test.context.event.EventPublishingTestExecutionListener]
18:04:54.833 [Test worker] INFO org.springframework.boot.test.context.SpringBootTestContextBootstrapper - Using TestExecutionListeners: [org.springframework.test.context.web.ServletTestExecutionListener@4e7095ac, org.springframework.test.context.support.DirtiesContextBeforeModesTestExecutionListener@251ebf23, org.springframework.test.context.event.ApplicationEventsTestExecutionListener@29b732a2, org.springframework.boot.test.mock.mockito.MockitoTestExecutionListener@1b70203f, org.springframework.boot.test.autoconfigure.SpringBootDependencyInjectionTestExecutionListener@51671b08, org.springframework.test.context.support.DirtiesContextTestExecutionListener@15051a0, org.springframework.test.context.transaction.TransactionalTestExecutionListener@1162410a, org.springframework.test.context.jdbc.SqlScriptsTestExecutionListener@b09fac1, org.springframework.security.test.context.support.WithSecurityContextTestExecutionListener@62df0ff3, org.springframework.test.context.event.EventPublishingTestExecutionListener@61019f59, org.springframework.security.test.context.support.ReactorContextTestExecutionListener@62e8f862, org.springframework.boot.test.autoconfigure.restdocs.RestDocsTestExecutionListener@26f3d90c, org.springframework.boot.test.autoconfigure.web.client.MockRestServiceServerResetTestExecutionListener@3c49fab6, org.springframework.boot.test.autoconfigure.web.servlet.MockMvcPrintOnlyOnFailureTestExecutionListener@515f4131, org.springframework.boot.test.autoconfigure.web.servlet.WebDriverTestExecutionListener@74518890, org.springframework.boot.test.autoconfigure.webservices.client.MockWebServiceServerTestExecutionListener@4c5204af, org.springframework.boot.test.mock.mockito.ResetMocksTestExecutionListener@3f3ddbd9]
18:04:54.837 [Test worker] DEBUG org.springframework.test.context.support.AbstractDirtiesContextTestExecutionListener - Before test class: context [DefaultTestContext@5fa47fea testClass = ProductTests, testInstance = [null], testMethod = [null], testException = [null], mergedContextConfiguration = [WebMergedContextConfiguration@2392212b testClass = ProductTests, locations = '{}', classes = '{class com.mergeco.oiljang.Application}', contextInitializerClasses = '[]', activeProfiles = '{}', propertySourceLocations = '{}', propertySourceProperties = '{org.springframework.boot.test.context.SpringBootTestContextBootstrapper=true}', contextCustomizers = set[org.springframework.boot.test.autoconfigure.actuate.metrics.MetricsExportContextCustomizerFactory$DisableMetricExportContextCustomizer@4baf352a, org.springframework.boot.test.autoconfigure.properties.PropertyMappingContextCustomizer@4b3fa0b3, org.springframework.boot.test.autoconfigure.web.servlet.WebDriverContextCustomizerFactory$Customizer@366ef90e, [ImportsContextCustomizer@5b43e173 key = [org.springframework.boot.test.autoconfigure.web.servlet.MockMvcWebDriverAutoConfiguration, org.springframework.boot.test.autoconfigure.web.servlet.MockMvcAutoConfiguration, org.springframework.boot.autoconfigure.security.oauth2.client.servlet.OAuth2ClientAutoConfiguration, org.springframework.boot.autoconfigure.security.servlet.SecurityAutoConfiguration, org.springframework.boot.autoconfigure.security.servlet.SecurityFilterAutoConfiguration, org.springframework.boot.autoconfigure.security.servlet.UserDetailsServiceAutoConfiguration, org.springframework.boot.autoconfigure.security.oauth2.resource.servlet.OAuth2ResourceServerAutoConfiguration, org.springframework.boot.test.autoconfigure.web.servlet.MockMvcSecurityConfiguration, org.springframework.boot.test.autoconfigure.web.servlet.MockMvcWebClientAutoConfiguration, org.springframework.boot.test.autoconfigure.web.reactive.WebTestClientAutoConfiguration]], org.springframework.boot.test.context.filter.ExcludeFilterContextCustomizer@6f0ca692, org.springframework.boot.test.json.DuplicateJsonObjectContextCustomizerFactory$DuplicateJsonObjectContextCustomizer@6a66a204, org.springframework.boot.test.mock.mockito.MockitoContextCustomizer@0, org.springframework.boot.test.web.client.TestRestTemplateContextCustomizer@1991f767, org.springframework.boot.test.context.SpringBootTestArgs@1, org.springframework.boot.test.context.SpringBootTestWebEnvironment@1c39680d], resourceBasePath = 'src/main/webapp', contextLoader = 'org.springframework.boot.test.context.SpringBootContextLoader', parent = [null]], attributes = map['org.springframework.test.context.web.ServletTestExecutionListener.activateListener' -> true]], class annotated with @DirtiesContext [false] with mode [null].

  .   ____          _            __ _ _
 /\\ / ___'_ __ _ _(_)_ __  __ _ \ \ \ \
( ( )\___ | '_ | '_| | '_ \/ _` | \ \ \ \
 \\/  ___)| |_)| | | | | || (_| |  ) ) ) )
  '  |____| .__|_| |_|_| |_\__, | / / / /
 =========|_|==============|___/=/_/_/_/
 :: Spring Boot ::               (v2.7.17)

2023-11-09 18:04:55.454  INFO 32423 --- [    Test worker] c.mergeco.oiljang.product.ProductTests   : Starting ProductTests using Java 11.0.11 on gimminbeoms-MacBook-Air.local with PID 32423 (started by minbumkim in /Users/minbumkim/Desktop/nara/OIL-JANG_BE)
2023-11-09 18:04:55.457  INFO 32423 --- [    Test worker] c.mergeco.oiljang.product.ProductTests   : No active profile set, falling back to 1 default profile: "default"
2023-11-09 18:04:57.273  INFO 32423 --- [    Test worker] .s.d.r.c.RepositoryConfigurationDelegate : Bootstrapping Spring Data JPA repositories in DEFAULT mode.
2023-11-09 18:04:57.412  INFO 32423 --- [    Test worker] .s.d.r.c.RepositoryConfigurationDelegate : Finished Spring Data repository scanning in 131 ms. Found 12 JPA repository interfaces.
2023-11-09 18:04:57.700  WARN 32423 --- [    Test worker] o.m.s.mapper.ClassPathMapperScanner      : No MyBatis mapper was found in '[com.mergeco.oiljang]' package. Please check your configuration.
2023-11-09 18:04:58.136  INFO 32423 --- [    Test worker] trationDelegate$BeanPostProcessorChecker : Bean 'org.springframework.ws.config.annotation.DelegatingWsConfiguration' of type [org.springframework.ws.config.annotation.DelegatingWsConfiguration$$EnhancerBySpringCGLIB$$4b8d96ec] is not eligible for getting processed by all BeanPostProcessors (for example: not eligible for auto-proxying)
2023-11-09 18:04:58.212  INFO 32423 --- [    Test worker] .w.s.a.s.AnnotationActionEndpointMapping : Supporting [WS-Addressing August 2004, WS-Addressing 1.0]
2023-11-09 18:04:58.768  INFO 32423 --- [    Test worker] o.hibernate.jpa.internal.util.LogHelper  : HHH000204: Processing PersistenceUnitInfo [name: default]
2023-11-09 18:04:58.816  INFO 32423 --- [    Test worker] org.hibernate.Version                    : HHH000412: Hibernate ORM core version 5.6.15.Final
2023-11-09 18:04:59.032  INFO 32423 --- [    Test worker] o.hibernate.annotations.common.Version   : HCANN000001: Hibernate Commons Annotations {5.1.2.Final}
2023-11-09 18:04:59.128  INFO 32423 --- [    Test worker] com.zaxxer.hikari.HikariDataSource       : HikariPool-1 - Starting...
2023-11-09 18:04:59.660  INFO 32423 --- [    Test worker] com.zaxxer.hikari.HikariDataSource       : HikariPool-1 - Start completed.
2023-11-09 18:04:59.698  INFO 32423 --- [    Test worker] org.hibernate.dialect.Dialect            : HHH000400: Using dialect: org.hibernate.dialect.MySQL8Dialect
2023-11-09 18:05:01.086  INFO 32423 --- [    Test worker] o.h.e.t.j.p.i.JtaPlatformInitiator       : HHH000490: Using JtaPlatform implementation: [org.hibernate.engine.transaction.jta.platform.internal.NoJtaPlatform]
2023-11-09 18:05:01.099  INFO 32423 --- [    Test worker] j.LocalContainerEntityManagerFactoryBean : Initialized JPA EntityManagerFactory for persistence unit 'default'
2023-11-09 18:05:02.516  WARN 32423 --- [    Test worker] JpaBaseConfiguration$JpaWebConfiguration : spring.jpa.open-in-view is enabled by default. Therefore, database queries may be performed during view rendering. Explicitly configure spring.jpa.open-in-view to disable this warning
2023-11-09 18:05:03.522  INFO 32423 --- [    Test worker] o.s.s.web.DefaultSecurityFilterChain     : Will secure any request with [org.springframework.security.web.session.DisableEncodeUrlFilter@3e49adfa, org.springframework.security.web.context.request.async.WebAsyncManagerIntegrationFilter@2296926d, org.springframework.security.web.context.SecurityContextPersistenceFilter@67de5328, org.springframework.security.web.header.HeaderWriterFilter@7c3bac88, org.springframework.security.web.authentication.logout.LogoutFilter@6b0f50d8, org.springframework.security.web.savedrequest.RequestCacheAwareFilter@7f129873, org.springframework.security.web.servletapi.SecurityContextHolderAwareRequestFilter@6ac0c3aa, org.springframework.security.web.authentication.AnonymousAuthenticationFilter@10ef09e3, org.springframework.security.web.session.SessionManagementFilter@1507bc3, org.springframework.security.web.access.ExceptionTranslationFilter@43076326, org.springframework.security.web.access.intercept.FilterSecurityInterceptor@5e756b8d]
2023-11-09 18:05:04.325  WARN 32423 --- [    Test worker] o.s.s.c.a.web.builders.WebSecurity       : You are asking Spring Security to ignore org.springframework.boot.autoconfigure.security.servlet.StaticResourceRequest$StaticResourceRequestMatcher@788cb7b0. This is not recommended -- please use permitAll via HttpSecurity#authorizeHttpRequests instead.
2023-11-09 18:05:04.326  INFO 32423 --- [    Test worker] o.s.s.web.DefaultSecurityFilterChain     : Will not secure org.springframework.boot.autoconfigure.security.servlet.StaticResourceRequest$StaticResourceRequestMatcher@788cb7b0
2023-11-09 18:05:04.420  WARN 32423 --- [    Test worker] ion$DefaultTemplateResolverConfiguration : Cannot find template location: classpath:/templates/ (please add some templates, check your Thymeleaf configuration, or set spring.thymeleaf.check-template-location=false)
2023-11-09 18:05:04.587  INFO 32423 --- [    Test worker] o.s.b.t.m.w.SpringBootMockServletContext : Initializing Spring TestDispatcherServlet ''
2023-11-09 18:05:04.587  INFO 32423 --- [    Test worker] o.s.t.web.servlet.TestDispatcherServlet  : Initializing Servlet ''
2023-11-09 18:05:04.589  INFO 32423 --- [    Test worker] o.s.t.web.servlet.TestDispatcherServlet  : Completed initialization in 1 ms
2023-11-09 18:05:05.005  INFO 32423 --- [    Test worker] c.mergeco.oiljang.product.ProductTests   : Started ProductTests in 10.121 seconds (JVM running for 11.947)
userUploadedFile
[B@73e054c0
11111
22222
22222
/Users/minbumkim/Desktop/test/userUploadedFile
<200 OK OK,File uploaded successfully!,[]>
]]></system-out>
  <system-err><![CDATA[]]></system-err>
</testsuite>
